================================================================
== Design Size Report
================================================================

* Total Instructions per Compilation Phase
+---------------+-----------------------------+--------------+----------------------------------------------------------------------------------------+
| Phase         | Step                        | Instructions | Description                                                                            |
+---------------+-----------------------------+--------------+----------------------------------------------------------------------------------------+
| Compile/Link  |                             |   5,545      | After all functions are compiled and linked into a single design                       |
|               |                             |              |                                                                                        |
| Unroll/Inline |                             |              | After user unroll and inline pragmas are applied                                       |
|               | (1) unroll                  |   8,661      | user unroll pragmas are applied                                                        |
|               | (2) simplification          |   7,319      | simplification of applied user unroll pragmas                                          |
|               | (3) inline                  |   7,279      | user inline pragmas are applied                                                        |
|               | (4) simplification          |   7,259      | simplification of applied user inline pragmas                                          |
|               |                             |              |                                                                                        |
| Array/Struct  |                             |              | After user array partition and struct aggregate/disaggregate pragmas are applied       |
|               | (1) array partition         | 134,411 *    | user array partition pragmas are applied                                               |
|               | (2) simplification          |  26,991      | simplification of applied user array partition & struct aggregate/disaggregate pragmas |
|               | (3) aggregate/disaggregate  |  26,991      | user struct aggregate/disaggregate pragmas are applied                                 |
|               | (4) array reshape           |  26,967      | apply array reshape pragmas                                                            |
|               | (5) access patterns         |  26,997      | array access pattern optmizations                                                      |
|               |                             |              |                                                                                        |
| Performance   |                             |              | After transformations are applied to meet performance pragma targets                   |
|               | (1) loop simplification     |  26,997      | loop and instruction simplification                                                    |
|               | (2) parallelization         |  26,977      | loops are unrolled or pipelined to meet performance targets                            |
|               | (3) array partition         |  26,967      | arrays are partitioned to meet performance targets                                     |
|               | (4) simplification          |  26,967      | simplification of design after performance transformations                             |
|               |                             |              |                                                                                        |
| HW Transforms |                             |              | After hardware transfomations                                                          |
|               | (1) lowering                |  26,981      | initial conversion to HW specific instructions                                         |
|               | (2) optimizations           |  27,057      | high level synthesis optimizations                                                     |
+---------------+-----------------------------+--------------+----------------------------------------------------------------------------------------+
    * - Exceeded design size warning message threshold

* Instructions per Function for each Compilation Phase
+---------------------+------------------------+-----------------+---------------+--------------+-------------+---------------+
| Function            | Location               | Compile/Link    | Unroll/Inline | Array/Struct | Performance | HW Transforms |
+---------------------+------------------------+-----------------+---------------+--------------+-------------+---------------+
| + order_book        | priority_queue.cpp:277 | 5,545           | 7,259         | 26,997       | 26,967      | 27,057        |
|  + add_bid          | priority_queue.cpp:45  |  450 (2 calls)  |               |              |             |               |
|     log_base_2      | priority_queue.cpp:5   |   22 (2 calls)  |               |              |             |               |
|   + find_path       | priority_queue.cpp:15  |   36 (2 calls)  |               |              |             |               |
|      pow2           | priority_queue.cpp:10  |    4 (2 calls)  |               |              |             |               |
|     calculate_index | priority_queue.cpp:27  |   22 (2 calls)  |               |              |             |               |
|  + remove_bid       | priority_queue.cpp:110 | 1,470 (6 calls) |               |              |             |               |
|     left_child      | priority_queue.cpp:33  |  108 (12 calls) |               |              |             |               |
|     right_child     | priority_queue.cpp:38  |  120 (12 calls) |               |              |             |               |
|  + add_ask          | priority_queue.cpp:162 |  578 (2 calls)  |               |              |             |               |
|     log_base_2      | priority_queue.cpp:5   |   22 (2 calls)  |               |              |             |               |
|   + find_path       | priority_queue.cpp:15  |   36 (2 calls)  |               |              |             |               |
|      pow2           | priority_queue.cpp:10  |    4 (2 calls)  |               |              |             |               |
|     calculate_index | priority_queue.cpp:27  |   22 (2 calls)  |               |              |             |               |
|  + remove_ask       | priority_queue.cpp:226 | 2,004 (6 calls) |               |              |             |               |
|     left_child      | priority_queue.cpp:33  |  108 (12 calls) |               |              |             |               |
|     right_child     | priority_queue.cpp:38  |  120 (12 calls) |               |              |             |               |
+---------------------+------------------------+-----------------+---------------+--------------+-------------+---------------+

* Design Size Message Settings
+---------------------------------------------+--------+------------------------------------------------------------------+
| Message Setting                             | Value  | Description                                                      |
+---------------------------------------------+--------+------------------------------------------------------------------+
| config_compile -design_size_maximum_warning | 100000 | Show a warning when total design instructions exceeds this value |
+---------------------------------------------+--------+------------------------------------------------------------------+


