order_book_src/priority_queue.cpp:6:9: warning: HLS pragma dump _XLX_SEP_ PragmaIsValid=1_XLX_SEP_ PragmaType=inline_XLX_SEP_ PragmaContext=_XLX_SEP_ PragmaFunction=log_base_2_XLX_SEP_ PragmaOptions=_XLX_SEP_ [-Wdump-hls-pragmas]
#pragma HLS INLINE
        ^
order_book_src/priority_queue.cpp:11:9: warning: HLS pragma dump _XLX_SEP_ PragmaIsValid=1_XLX_SEP_ PragmaType=inline_XLX_SEP_ PragmaContext=_XLX_SEP_ PragmaFunction=pow2_XLX_SEP_ PragmaOptions=_XLX_SEP_ [-Wdump-hls-pragmas]
#pragma HLS INLINE
        ^
order_book_src/priority_queue.cpp:16:9: warning: HLS pragma dump _XLX_SEP_ PragmaIsValid=1_XLX_SEP_ PragmaType=inline_XLX_SEP_ PragmaContext=_XLX_SEP_ PragmaFunction=find_path_XLX_SEP_ PragmaOptions=_XLX_SEP_ [-Wdump-hls-pragmas]
#pragma HLS INLINE
        ^
order_book_src/priority_queue.cpp:28:9: warning: HLS pragma dump _XLX_SEP_ PragmaIsValid=1_XLX_SEP_ PragmaType=inline_XLX_SEP_ PragmaContext=_XLX_SEP_ PragmaFunction=calculate_index_XLX_SEP_ PragmaOptions=_XLX_SEP_ [-Wdump-hls-pragmas]
#pragma HLS INLINE
        ^
order_book_src/priority_queue.cpp:34:9: warning: HLS pragma dump _XLX_SEP_ PragmaIsValid=1_XLX_SEP_ PragmaType=inline_XLX_SEP_ PragmaContext=_XLX_SEP_ PragmaFunction=left_child_XLX_SEP_ PragmaOptions=_XLX_SEP_ [-Wdump-hls-pragmas]
#pragma HLS INLINE
        ^
order_book_src/priority_queue.cpp:39:9: warning: HLS pragma dump _XLX_SEP_ PragmaIsValid=1_XLX_SEP_ PragmaType=inline_XLX_SEP_ PragmaContext=_XLX_SEP_ PragmaFunction=right_child_XLX_SEP_ PragmaOptions=_XLX_SEP_ [-Wdump-hls-pragmas]
#pragma HLS INLINE
        ^
order_book_src/priority_queue.cpp:62:9: warning: HLS pragma dump _XLX_SEP_ PragmaIsValid=1_XLX_SEP_ PragmaType=inline_XLX_SEP_ PragmaContext=_XLX_SEP_ PragmaFunction=add_bid_XLX_SEP_ PragmaOptions=_XLX_SEP_ [-Wdump-hls-pragmas]
#pragma HLS INLINE
        ^
order_book_src/priority_queue.cpp:90:9: warning: HLS pragma dump _XLX_SEP_ PragmaIsValid=1_XLX_SEP_ PragmaType=dependence_XLX_SEP_ PragmaContext=_XLX_SEP_ PragmaFunction=add_bid_XLX_SEP_ PragmaOptions=variable=heap inter false_XLX_SEP_ [-Wdump-hls-pragmas]
#pragma HLS DEPENDENCE variable=heap inter false
        ^
order_book_src/priority_queue.cpp:91:9: warning: HLS pragma dump _XLX_SEP_ PragmaIsValid=1_XLX_SEP_ PragmaType=loop_tripcount_XLX_SEP_ PragmaContext=_XLX_SEP_ PragmaFunction=add_bid_XLX_SEP_ PragmaOptions=max=11_XLX_SEP_ [-Wdump-hls-pragmas]
#pragma HLS LOOP_TRIPCOUNT max=11
        ^
order_book_src/priority_queue.cpp:92:9: warning: HLS pragma dump _XLX_SEP_ PragmaIsValid=1_XLX_SEP_ PragmaType=pipeline_XLX_SEP_ PragmaContext=_XLX_SEP_ PragmaFunction=add_bid_XLX_SEP_ PragmaOptions=II=1_XLX_SEP_ [-Wdump-hls-pragmas]
#pragma HLS PIPELINE II=1
        ^
order_book_src/priority_queue.cpp:118:9: warning: HLS pragma dump _XLX_SEP_ PragmaIsValid=1_XLX_SEP_ PragmaType=inline_XLX_SEP_ PragmaContext=_XLX_SEP_ PragmaFunction=remove_bid_XLX_SEP_ PragmaOptions=_XLX_SEP_ [-Wdump-hls-pragmas]
#pragma HLS INLINE
        ^
order_book_src/priority_queue.cpp:139:9: warning: HLS pragma dump _XLX_SEP_ PragmaIsValid=1_XLX_SEP_ PragmaType=dependence_XLX_SEP_ PragmaContext=_XLX_SEP_ PragmaFunction=remove_bid_XLX_SEP_ PragmaOptions=variable=heap inter false_XLX_SEP_ [-Wdump-hls-pragmas]
#pragma HLS DEPENDENCE variable=heap inter false
        ^
order_book_src/priority_queue.cpp:140:9: warning: HLS pragma dump _XLX_SEP_ PragmaIsValid=1_XLX_SEP_ PragmaType=loop_tripcount_XLX_SEP_ PragmaContext=_XLX_SEP_ PragmaFunction=remove_bid_XLX_SEP_ PragmaOptions=max=11_XLX_SEP_ [-Wdump-hls-pragmas]
#pragma HLS LOOP_TRIPCOUNT max=11
        ^
order_book_src/priority_queue.cpp:141:9: warning: HLS pragma dump _XLX_SEP_ PragmaIsValid=1_XLX_SEP_ PragmaType=pipeline_XLX_SEP_ PragmaContext=_XLX_SEP_ PragmaFunction=remove_bid_XLX_SEP_ PragmaOptions=II=1_XLX_SEP_ [-Wdump-hls-pragmas]
#pragma HLS PIPELINE II=1
        ^
order_book_src/priority_queue.cpp:179:9: warning: HLS pragma dump _XLX_SEP_ PragmaIsValid=1_XLX_SEP_ PragmaType=inline_XLX_SEP_ PragmaContext=_XLX_SEP_ PragmaFunction=add_ask_XLX_SEP_ PragmaOptions=_XLX_SEP_ [-Wdump-hls-pragmas]
#pragma HLS INLINE
        ^
order_book_src/priority_queue.cpp:207:9: warning: HLS pragma dump _XLX_SEP_ PragmaIsValid=1_XLX_SEP_ PragmaType=dependence_XLX_SEP_ PragmaContext=_XLX_SEP_ PragmaFunction=add_ask_XLX_SEP_ PragmaOptions=variable=heap inter false_XLX_SEP_ [-Wdump-hls-pragmas]
#pragma HLS DEPENDENCE variable=heap inter false
        ^
order_book_src/priority_queue.cpp:208:9: warning: HLS pragma dump _XLX_SEP_ PragmaIsValid=1_XLX_SEP_ PragmaType=loop_tripcount_XLX_SEP_ PragmaContext=_XLX_SEP_ PragmaFunction=add_ask_XLX_SEP_ PragmaOptions=max=11_XLX_SEP_ [-Wdump-hls-pragmas]
#pragma HLS LOOP_TRIPCOUNT max=11
        ^
order_book_src/priority_queue.cpp:209:9: warning: HLS pragma dump _XLX_SEP_ PragmaIsValid=1_XLX_SEP_ PragmaType=pipeline_XLX_SEP_ PragmaContext=_XLX_SEP_ PragmaFunction=add_ask_XLX_SEP_ PragmaOptions=II=1_XLX_SEP_ [-Wdump-hls-pragmas]
#pragma HLS PIPELINE II=1
        ^
order_book_src/priority_queue.cpp:234:9: warning: HLS pragma dump _XLX_SEP_ PragmaIsValid=1_XLX_SEP_ PragmaType=inline_XLX_SEP_ PragmaContext=_XLX_SEP_ PragmaFunction=remove_ask_XLX_SEP_ PragmaOptions=_XLX_SEP_ [-Wdump-hls-pragmas]
#pragma HLS INLINE
        ^
order_book_src/priority_queue.cpp:253:9: warning: HLS pragma dump _XLX_SEP_ PragmaIsValid=1_XLX_SEP_ PragmaType=dependence_XLX_SEP_ PragmaContext=_XLX_SEP_ PragmaFunction=remove_ask_XLX_SEP_ PragmaOptions=variable=heap inter false_XLX_SEP_ [-Wdump-hls-pragmas]
#pragma HLS DEPENDENCE variable=heap inter false
        ^
order_book_src/priority_queue.cpp:254:9: warning: HLS pragma dump _XLX_SEP_ PragmaIsValid=1_XLX_SEP_ PragmaType=loop_tripcount_XLX_SEP_ PragmaContext=_XLX_SEP_ PragmaFunction=remove_ask_XLX_SEP_ PragmaOptions=max=11_XLX_SEP_ [-Wdump-hls-pragmas]
#pragma HLS LOOP_TRIPCOUNT max=11
        ^
order_book_src/priority_queue.cpp:255:9: warning: HLS pragma dump _XLX_SEP_ PragmaIsValid=1_XLX_SEP_ PragmaType=pipeline_XLX_SEP_ PragmaContext=_XLX_SEP_ PragmaFunction=remove_ask_XLX_SEP_ PragmaOptions=II=1_XLX_SEP_ [-Wdump-hls-pragmas]
#pragma HLS PIPELINE II=1
        ^
C:/Users/ruuud/spring2025/cse145/AAAAHHHH/ECE1373_2016_hft_on_fpga/src/build_order_book_core.tcl:9:9: warning: HLS pragma dump _XLX_SEP_ PragmaIsValid=1_XLX_SEP_ PragmaType=top_XLX_SEP_ PragmaContext=directive_XLX_SEP_ PragmaFunction=order_book_XLX_SEP_ PragmaOptions=name=order_book_XLX_SEP_ [-Wdump-hls-pragmas]
#pragma HLSDIRECTIVE TOP name=order_book
        ^
order_book_src/priority_queue.cpp:288:9: warning: HLS pragma dump _XLX_SEP_ PragmaIsValid=1_XLX_SEP_ PragmaType=interface_XLX_SEP_ PragmaContext=_XLX_SEP_ PragmaFunction=order_book_XLX_SEP_ PragmaOptions=s_axilite port=top_ask_id_XLX_SEP_ [-Wdump-hls-pragmas]
#pragma HLS INTERFACE s_axilite port=top_ask_id
        ^
order_book_src/priority_queue.cpp:289:9: warning: HLS pragma dump _XLX_SEP_ PragmaIsValid=1_XLX_SEP_ PragmaType=interface_XLX_SEP_ PragmaContext=_XLX_SEP_ PragmaFunction=order_book_XLX_SEP_ PragmaOptions=s_axilite port=top_bid_id_XLX_SEP_ [-Wdump-hls-pragmas]
#pragma HLS INTERFACE s_axilite port=top_bid_id
        ^
order_book_src/priority_queue.cpp:290:9: warning: HLS pragma dump _XLX_SEP_ PragmaIsValid=1_XLX_SEP_ PragmaType=interface_XLX_SEP_ PragmaContext=_XLX_SEP_ PragmaFunction=order_book_XLX_SEP_ PragmaOptions=ap_ctrl_none port=return_XLX_SEP_ [-Wdump-hls-pragmas]
#pragma HLS INTERFACE ap_ctrl_none port=return
        ^
order_book_src/priority_queue.cpp:293:9: warning: HLS pragma dump _XLX_SEP_ PragmaIsValid=1_XLX_SEP_ PragmaType=interface_XLX_SEP_ PragmaContext=_XLX_SEP_ PragmaFunction=order_book_XLX_SEP_ PragmaOptions=axis register both port=order_stream_XLX_SEP_ [-Wdump-hls-pragmas]
#pragma HLS INTERFACE axis register both port=order_stream
        ^
order_book_src/priority_queue.cpp:294:9: warning: HLS pragma dump _XLX_SEP_ PragmaIsValid=1_XLX_SEP_ PragmaType=interface_XLX_SEP_ PragmaContext=_XLX_SEP_ PragmaFunction=order_book_XLX_SEP_ PragmaOptions=axis register both port=incoming_time_XLX_SEP_ [-Wdump-hls-pragmas]
#pragma HLS INTERFACE axis register both port=incoming_time
        ^
order_book_src/priority_queue.cpp:295:9: warning: HLS pragma dump _XLX_SEP_ PragmaIsValid=1_XLX_SEP_ PragmaType=interface_XLX_SEP_ PragmaContext=_XLX_SEP_ PragmaFunction=order_book_XLX_SEP_ PragmaOptions=axis register both port=incoming_meta_XLX_SEP_ [-Wdump-hls-pragmas]
#pragma HLS INTERFACE axis register both port=incoming_meta
        ^
order_book_src/priority_queue.cpp:296:9: warning: HLS pragma dump _XLX_SEP_ PragmaIsValid=1_XLX_SEP_ PragmaType=interface_XLX_SEP_ PragmaContext=_XLX_SEP_ PragmaFunction=order_book_XLX_SEP_ PragmaOptions=axis register both port=top_bid_XLX_SEP_ [-Wdump-hls-pragmas]
#pragma HLS INTERFACE axis register both port=top_bid
        ^
order_book_src/priority_queue.cpp:297:9: warning: HLS pragma dump _XLX_SEP_ PragmaIsValid=1_XLX_SEP_ PragmaType=interface_XLX_SEP_ PragmaContext=_XLX_SEP_ PragmaFunction=order_book_XLX_SEP_ PragmaOptions=axis register both port=top_ask_XLX_SEP_ [-Wdump-hls-pragmas]
#pragma HLS INTERFACE axis register both port=top_ask
        ^
order_book_src/priority_queue.cpp:298:9: warning: HLS pragma dump _XLX_SEP_ PragmaIsValid=1_XLX_SEP_ PragmaType=interface_XLX_SEP_ PragmaContext=_XLX_SEP_ PragmaFunction=order_book_XLX_SEP_ PragmaOptions=axis register both port=outgoing_time_XLX_SEP_ [-Wdump-hls-pragmas]
#pragma HLS INTERFACE axis register both port=outgoing_time
        ^
order_book_src/priority_queue.cpp:299:9: warning: HLS pragma dump _XLX_SEP_ PragmaIsValid=1_XLX_SEP_ PragmaType=interface_XLX_SEP_ PragmaContext=_XLX_SEP_ PragmaFunction=order_book_XLX_SEP_ PragmaOptions=axis register both port=outgoing_meta_XLX_SEP_ [-Wdump-hls-pragmas]
#pragma HLS INTERFACE axis register both port=outgoing_meta
        ^
order_book_src/priority_queue.cpp:302:9: warning: the pragma is not supported and will be ignored [-Winvalid-hls-pragmas]
#pragma HLS DATA_PACK variable=order_stream
        ^
order_book_src/priority_queue.cpp:302:9: warning: HLS pragma dump _XLX_SEP_ PragmaIsValid=0_XLX_SEP_ PragmaType=data_pack_XLX_SEP_ PragmaContext=_XLX_SEP_ PragmaFunction=order_book_XLX_SEP_ PragmaOptions=variable_XLX_SEP_ [-Wdump-hls-pragmas]
order_book_src/priority_queue.cpp:303:9: warning: the pragma is not supported and will be ignored [-Winvalid-hls-pragmas]
#pragma HLS DATA_PACK variable=incoming_meta
        ^
order_book_src/priority_queue.cpp:303:9: warning: HLS pragma dump _XLX_SEP_ PragmaIsValid=0_XLX_SEP_ PragmaType=data_pack_XLX_SEP_ PragmaContext=_XLX_SEP_ PragmaFunction=order_book_XLX_SEP_ PragmaOptions=variable_XLX_SEP_ [-Wdump-hls-pragmas]
order_book_src/priority_queue.cpp:304:9: warning: the pragma is not supported and will be ignored [-Winvalid-hls-pragmas]
#pragma HLS DATA_PACK variable=outgoing_meta
        ^
order_book_src/priority_queue.cpp:304:9: warning: HLS pragma dump _XLX_SEP_ PragmaIsValid=0_XLX_SEP_ PragmaType=data_pack_XLX_SEP_ PragmaContext=_XLX_SEP_ PragmaFunction=order_book_XLX_SEP_ PragmaOptions=variable_XLX_SEP_ [-Wdump-hls-pragmas]
order_book_src/priority_queue.cpp:305:9: warning: the pragma is not supported and will be ignored [-Winvalid-hls-pragmas]
#pragma HLS DATA_PACK variable=top_bid
        ^
order_book_src/priority_queue.cpp:305:9: warning: HLS pragma dump _XLX_SEP_ PragmaIsValid=0_XLX_SEP_ PragmaType=data_pack_XLX_SEP_ PragmaContext=_XLX_SEP_ PragmaFunction=order_book_XLX_SEP_ PragmaOptions=variable_XLX_SEP_ [-Wdump-hls-pragmas]
order_book_src/priority_queue.cpp:306:9: warning: the pragma is not supported and will be ignored [-Winvalid-hls-pragmas]
#pragma HLS DATA_PACK variable=top_ask
        ^
order_book_src/priority_queue.cpp:306:9: warning: HLS pragma dump _XLX_SEP_ PragmaIsValid=0_XLX_SEP_ PragmaType=data_pack_XLX_SEP_ PragmaContext=_XLX_SEP_ PragmaFunction=order_book_XLX_SEP_ PragmaOptions=variable_XLX_SEP_ [-Wdump-hls-pragmas]
order_book_src/priority_queue.cpp:309:9: warning: HLS pragma dump _XLX_SEP_ PragmaIsValid=1_XLX_SEP_ PragmaType=pipeline_XLX_SEP_ PragmaContext=_XLX_SEP_ PragmaFunction=order_book_XLX_SEP_ PragmaOptions=II=1_XLX_SEP_ [-Wdump-hls-pragmas]
#pragma HLS PIPELINE II=1
        ^
order_book_src/priority_queue.cpp:317:9: warning: HLS pragma dump _XLX_SEP_ PragmaIsValid=1_XLX_SEP_ PragmaType=array_partition_XLX_SEP_ PragmaContext=_XLX_SEP_ PragmaFunction=order_book_XLX_SEP_ PragmaOptions=variable=bid complete dim=1_XLX_SEP_ [-Wdump-hls-pragmas]
#pragma HLS ARRAY_PARTITION variable=bid complete dim=1
        ^
order_book_src/priority_queue.cpp:318:9: warning: HLS pragma dump _XLX_SEP_ PragmaIsValid=1_XLX_SEP_ PragmaType=array_partition_XLX_SEP_ PragmaContext=_XLX_SEP_ PragmaFunction=order_book_XLX_SEP_ PragmaOptions=variable=bid cyclic factor=4 dim=2_XLX_SEP_ [-Wdump-hls-pragmas]
#pragma HLS ARRAY_PARTITION variable=bid cyclic factor=4 dim=2
        ^
order_book_src/priority_queue.cpp:319:9: warning: HLS pragma dump _XLX_SEP_ PragmaIsValid=1_XLX_SEP_ PragmaType=dependence_XLX_SEP_ PragmaContext=_XLX_SEP_ PragmaFunction=order_book_XLX_SEP_ PragmaOptions=variable=bid inter false_XLX_SEP_ [-Wdump-hls-pragmas]
#pragma HLS DEPENDENCE variable=bid inter false
        ^
order_book_src/priority_queue.cpp:322:9: warning: HLS pragma dump _XLX_SEP_ PragmaIsValid=1_XLX_SEP_ PragmaType=array_partition_XLX_SEP_ PragmaContext=_XLX_SEP_ PragmaFunction=order_book_XLX_SEP_ PragmaOptions=variable=ask complete dim=1_XLX_SEP_ [-Wdump-hls-pragmas]
#pragma HLS ARRAY_PARTITION variable=ask complete dim=1
        ^
order_book_src/priority_queue.cpp:323:9: warning: HLS pragma dump _XLX_SEP_ PragmaIsValid=1_XLX_SEP_ PragmaType=array_partition_XLX_SEP_ PragmaContext=_XLX_SEP_ PragmaFunction=order_book_XLX_SEP_ PragmaOptions=variable=ask cyclic factor=4 dim=2_XLX_SEP_ [-Wdump-hls-pragmas]
#pragma HLS ARRAY_PARTITION variable=ask cyclic factor=4 dim=2
        ^
order_book_src/priority_queue.cpp:324:9: warning: HLS pragma dump _XLX_SEP_ PragmaIsValid=1_XLX_SEP_ PragmaType=dependence_XLX_SEP_ PragmaContext=_XLX_SEP_ PragmaFunction=order_book_XLX_SEP_ PragmaOptions=variable=ask inter false_XLX_SEP_ [-Wdump-hls-pragmas]
#pragma HLS DEPENDENCE variable=ask inter false
        ^
order_book_src/priority_queue.cpp:327:9: warning: HLS pragma dump _XLX_SEP_ PragmaIsValid=1_XLX_SEP_ PragmaType=array_partition_XLX_SEP_ PragmaContext=_XLX_SEP_ PragmaFunction=order_book_XLX_SEP_ PragmaOptions=variable=bid_remove complete dim=1_XLX_SEP_ [-Wdump-hls-pragmas]
#pragma HLS ARRAY_PARTITION variable=bid_remove complete dim=1
        ^
order_book_src/priority_queue.cpp:328:9: warning: HLS pragma dump _XLX_SEP_ PragmaIsValid=1_XLX_SEP_ PragmaType=array_partition_XLX_SEP_ PragmaContext=_XLX_SEP_ PragmaFunction=order_book_XLX_SEP_ PragmaOptions=variable=bid_remove cyclic factor=4 dim=2_XLX_SEP_ [-Wdump-hls-pragmas]
#pragma HLS ARRAY_PARTITION variable=bid_remove cyclic factor=4 dim=2
        ^
order_book_src/priority_queue.cpp:329:9: warning: HLS pragma dump _XLX_SEP_ PragmaIsValid=1_XLX_SEP_ PragmaType=dependence_XLX_SEP_ PragmaContext=_XLX_SEP_ PragmaFunction=order_book_XLX_SEP_ PragmaOptions=variable=bid_remove inter false_XLX_SEP_ [-Wdump-hls-pragmas]
#pragma HLS DEPENDENCE variable=bid_remove inter false
        ^
order_book_src/priority_queue.cpp:332:9: warning: HLS pragma dump _XLX_SEP_ PragmaIsValid=1_XLX_SEP_ PragmaType=array_partition_XLX_SEP_ PragmaContext=_XLX_SEP_ PragmaFunction=order_book_XLX_SEP_ PragmaOptions=variable=ask_remove complete dim=1_XLX_SEP_ [-Wdump-hls-pragmas]
#pragma HLS ARRAY_PARTITION variable=ask_remove complete dim=1
        ^
order_book_src/priority_queue.cpp:333:9: warning: HLS pragma dump _XLX_SEP_ PragmaIsValid=1_XLX_SEP_ PragmaType=array_partition_XLX_SEP_ PragmaContext=_XLX_SEP_ PragmaFunction=order_book_XLX_SEP_ PragmaOptions=variable=ask_remove cyclic factor=4 dim=2_XLX_SEP_ [-Wdump-hls-pragmas]
#pragma HLS ARRAY_PARTITION variable=ask_remove cyclic factor=4 dim=2
        ^
order_book_src/priority_queue.cpp:334:9: warning: HLS pragma dump _XLX_SEP_ PragmaIsValid=1_XLX_SEP_ PragmaType=dependence_XLX_SEP_ PragmaContext=_XLX_SEP_ PragmaFunction=order_book_XLX_SEP_ PragmaOptions=variable=ask_remove inter false_XLX_SEP_ [-Wdump-hls-pragmas]
#pragma HLS DEPENDENCE variable=ask_remove inter false
        ^
order_book_src/priority_queue.cpp:389:9: warning: HLS pragma dump _XLX_SEP_ PragmaIsValid=1_XLX_SEP_ PragmaType=loop_tripcount_XLX_SEP_ PragmaContext=_XLX_SEP_ PragmaFunction=order_book_XLX_SEP_ PragmaOptions=min=1 max=1_XLX_SEP_ [-Wdump-hls-pragmas]
#pragma HLS LOOP_TRIPCOUNT min=1 max=1
        ^
order_book_src/priority_queue.cpp:393:9: warning: HLS pragma dump _XLX_SEP_ PragmaIsValid=1_XLX_SEP_ PragmaType=loop_tripcount_XLX_SEP_ PragmaContext=_XLX_SEP_ PragmaFunction=order_book_XLX_SEP_ PragmaOptions=min=0 max=1_XLX_SEP_ [-Wdump-hls-pragmas]
#pragma HLS LOOP_TRIPCOUNT min=0 max=1
        ^
order_book_src/priority_queue.cpp:406:9: warning: HLS pragma dump _XLX_SEP_ PragmaIsValid=1_XLX_SEP_ PragmaType=loop_tripcount_XLX_SEP_ PragmaContext=_XLX_SEP_ PragmaFunction=order_book_XLX_SEP_ PragmaOptions=min=0 max=1_XLX_SEP_ [-Wdump-hls-pragmas]
#pragma HLS LOOP_TRIPCOUNT min=0 max=1
        ^
order_book_src/priority_queue.cpp:440:9: warning: HLS pragma dump _XLX_SEP_ PragmaIsValid=1_XLX_SEP_ PragmaType=loop_tripcount_XLX_SEP_ PragmaContext=_XLX_SEP_ PragmaFunction=order_book_XLX_SEP_ PragmaOptions=min=1 max=1_XLX_SEP_ [-Wdump-hls-pragmas]
#pragma HLS LOOP_TRIPCOUNT min=1 max=1
        ^
order_book_src/priority_queue.cpp:444:9: warning: HLS pragma dump _XLX_SEP_ PragmaIsValid=1_XLX_SEP_ PragmaType=loop_tripcount_XLX_SEP_ PragmaContext=_XLX_SEP_ PragmaFunction=order_book_XLX_SEP_ PragmaOptions=min=0 max=1_XLX_SEP_ [-Wdump-hls-pragmas]
#pragma HLS LOOP_TRIPCOUNT min=0 max=1
        ^
order_book_src/priority_queue.cpp:457:9: warning: HLS pragma dump _XLX_SEP_ PragmaIsValid=1_XLX_SEP_ PragmaType=loop_tripcount_XLX_SEP_ PragmaContext=_XLX_SEP_ PragmaFunction=order_book_XLX_SEP_ PragmaOptions=min=0 max=1_XLX_SEP_ [-Wdump-hls-pragmas]
#pragma HLS LOOP_TRIPCOUNT min=0 max=1
        ^
62 warnings generated.
