C:\Users\ruuud\spring2025\cse145\AAAAHHHH\ECE1373_2016_hft_on_fpga\src\order_book_hls\solution1\.autopilot\db\priority_queue.pp.0.cpp:29282:5: warning: Added loop label VITIS_LOOP_676_1:   [xilinx-label-all-loops]
    for (unsigned i = low; i != high+1; ++i) {
    ^~~
    VITIS_LOOP_676_1: 
C:\Users\ruuud\spring2025\cse145\AAAAHHHH\ECE1373_2016_hft_on_fpga\src\order_book_hls\solution1\.autopilot\db\priority_queue.pp.0.cpp:29282:5: note: FIX-IT applied suggested code changes
C:\Users\ruuud\spring2025\cse145\AAAAHHHH\ECE1373_2016_hft_on_fpga\src\order_book_hls\solution1\.autopilot\db\priority_queue.pp.0.cpp:29296:5: warning: Added loop label VITIS_LOOP_690_1:   [xilinx-label-all-loops]
    for (unsigned i = low; i != high+1; ++i) {
    ^~~
    VITIS_LOOP_690_1: 
C:\Users\ruuud\spring2025\cse145\AAAAHHHH\ECE1373_2016_hft_on_fpga\src\order_book_hls\solution1\.autopilot\db\priority_queue.pp.0.cpp:29296:5: note: FIX-IT applied suggested code changes
C:\Users\ruuud\spring2025\cse145\AAAAHHHH\ECE1373_2016_hft_on_fpga\src\order_book_hls\solution1\.autopilot\db\priority_queue.pp.0.cpp:29310:5: warning: Added loop label VITIS_LOOP_704_1:   [xilinx-label-all-loops]
    for (unsigned i = low; i != high+1; ++i) {
    ^~~
    VITIS_LOOP_704_1: 
C:\Users\ruuud\spring2025\cse145\AAAAHHHH\ECE1373_2016_hft_on_fpga\src\order_book_hls\solution1\.autopilot\db\priority_queue.pp.0.cpp:29310:5: note: FIX-IT applied suggested code changes
C:\Users\ruuud\spring2025\cse145\AAAAHHHH\ECE1373_2016_hft_on_fpga\src\order_book_hls\solution1\.autopilot\db\priority_queue.pp.0.cpp:30944:7: warning: Added loop label VITIS_LOOP_1248_1:   [xilinx-label-all-loops]
      for (i = 0; i < __N - 1; ++i) {
      ^~~
      VITIS_LOOP_1248_1: 
C:\Users\ruuud\spring2025\cse145\AAAAHHHH\ECE1373_2016_hft_on_fpga\src\order_book_hls\solution1\.autopilot\db\priority_queue.pp.0.cpp:30944:7: note: FIX-IT applied suggested code changes
C:\Users\ruuud\spring2025\cse145\AAAAHHHH\ECE1373_2016_hft_on_fpga\src\order_book_hls\solution1\.autopilot\db\priority_queue.pp.0.cpp:33236:17: warning: Added loop label VITIS_LOOP_405_1:   [xilinx-label-all-loops]
                while(bid[0][0].orderID == bid_remove[0][0].orderID && bid[0][0].orderID != 0){
                ^~~~~
                VITIS_LOOP_405_1: 
C:\Users\ruuud\spring2025\cse145\AAAAHHHH\ECE1373_2016_hft_on_fpga\src\order_book_hls\solution1\.autopilot\db\priority_queue.pp.0.cpp:33236:17: note: FIX-IT applied suggested code changes
C:\Users\ruuud\spring2025\cse145\AAAAHHHH\ECE1373_2016_hft_on_fpga\src\order_book_hls\solution1\.autopilot\db\priority_queue.pp.0.cpp:33287:17: warning: Added loop label VITIS_LOOP_456_2:   [xilinx-label-all-loops]
                while(ask[0][0].orderID == ask_remove[0][0].orderID && ask[0][0].orderID != 0){
                ^~~~~
                VITIS_LOOP_456_2: 
C:\Users\ruuud\spring2025\cse145\AAAAHHHH\ECE1373_2016_hft_on_fpga\src\order_book_hls\solution1\.autopilot\db\priority_queue.pp.0.cpp:33287:17: note: FIX-IT applied suggested code changes
